<?xml version="1.0" encoding="UTF-8"?>
<!-- Generated by org.testng.reporters.JUnitReportReporter -->
<testsuite hostname="LAPTOP-L2UM9ODI" failures="0" tests="1" name="Tests.LoginTest" time="27.686" errors="0" timestamp="2025-09-20T16:39:57 IST" skipped="0">
  <testcase classname="Tests.LoginTest" name="testLogin" time="27.686"/>
</testsuite> <!-- Tests.LoginTest -->
