<?xml version="1.0" encoding="UTF-8"?>
<!-- Generated by org.testng.reporters.JUnitReportReporter -->
<testsuite hostname="LAPTOP-L2UM9ODI" failures="0" tests="1" name="Tests.LoginTest" time="13.357" errors="0" timestamp="2025-09-25T00:04:02 IST" skipped="0">
  <testcase classname="Tests.LoginTest" name="testLogin" time="13.357"/>
</testsuite> <!-- Tests.LoginTest -->
