<?xml version="1.0" encoding="UTF-8"?>
<!-- Generated by org.testng.reporters.JUnitReportReporter -->
<testsuite hostname="LAPTOP-L2UM9ODI" failures="0" tests="1" name="Tests.LoginTest" time="9.677" errors="0" timestamp="2025-10-30T15:40:11 IST" skipped="0">
  <testcase classname="Tests.LoginTest" name="testLogin" time="9.677"/>
</testsuite> <!-- Tests.LoginTest -->
