<?xml version="1.0" encoding="UTF-8"?>
<!-- Generated by org.testng.reporters.JUnitReportReporter -->
<testsuite hostname="LAPTOP-L2UM9ODI" failures="0" tests="1" name="Tests.LoginTest" time="144.369" errors="0" timestamp="2025-09-24T19:46:15 IST" skipped="0">
  <testcase classname="Tests.LoginTest" name="testLogin" time="144.369"/>
</testsuite> <!-- Tests.LoginTest -->
